<?xml version="1.0" encoding="UTF-8"?>
<!-- Generated by org.testng.reporters.JUnitXMLReporter -->
<testsuite ignored="0" hostname="LAPTOP-LMKCGGE4" failures="0" tests="10" name="Default test" time="0.079" errors="0" timestamp="2022-09-09T20:06:15 IST">
  <testcase classname="testing.StringCalculatorTest" name="supportOddEvenAddition" time="0.011"/>
  <testcase classname="testing.StringCalculatorTest" name="testAddAlphabets" time="0.002"/>
  <testcase classname="testing.StringCalculatorTest" name="testAddMultipleNumbers" time="0.002"/>
  <testcase classname="testing.StringCalculatorTest" name="testAddOneNumber" time="0.001"/>
  <testcase classname="testing.StringCalculatorTest" name="testAddStringNumbers" time="0.0"/>
  <testcase classname="testing.StringCalculatorTest" name="testEmptyString" time="0.001"/>
  <testcase classname="testing.StringCalculatorTest" name="testNegativeNumber" time="0.002"/>
  <testcase classname="testing.StringCalculatorTest" name="testNewLine" time="0.001"/>
  <testcase classname="testing.StringCalculatorTest" name="testOtherDelimiter" time="0.0"/>
  <testcase classname="testing.StringCalculatorTest" name="testOverThousand" time="0.001"/>
</testsuite> <!-- Default test -->
